2025-01-18 11:09:00 | DEBUG | repo=system-int | action=test | passed=true
2025-01-16 07:26:00 | DEBUG | repo=system-int | action=pull
2025-09-03 21:54:00 | DEBUG | repo=system-int | action=commit
2025-07-11 18:45:00 | WARN | repo=system-int | action=commit
2025-03-12 20:32:00 | DEBUG | repo=system-int | action=commit
2025-02-10 19:07:00 | INFO | repo=system-int | action=commit
2025-07-23 10:48:00 | DEBUG | repo=system-int | action=commit
2025-08-14 10:26:00 | INFO | repo=system-int | action=test | passed=true
2025-09-09 16:07:00 | INFO | repo=system-int | action=test | passed=true
2025-03-22 18:13:00 | DEBUG | repo=system-int | action=commit
2025-12-19 10:28:00 | INFO | repo=system-int | action=commit
2025-07-10 21:51:00 | WARN | repo=system-int | action=commit
2025-08-28 20:16:00 | WARN | repo=system-int | action=test | passed=true
2025-07-07 20:36:00 | DEBUG | repo=system-int | action=commit
2025-10-19 07:23:00 | WARN | repo=system-int | action=commit
2025-08-24 18:28:00 | INFO | repo=system-int | action=commit
2025-06-02 13:11:00 | DEBUG | repo=system-int | action=commit
2025-10-10 08:14:00 | INFO | repo=system-int | action=commit
2025-08-18 09:57:00 | INFO | repo=system-int | action=commit
2025-10-11 12:01:00 | INFO | repo=system-int | action=commit
2025-05-13 07:33:00 | INFO | repo=system-int | action=commit
2025-05-01 18:56:00 | INFO | repo=system-int | action=commit
2025-07-21 07:22:00 | INFO | repo=system-int | action=commit
2025-12-13 10:33:00 | INFO | repo=system-int | action=commit
2025-11-08 08:16:00 | INFO | repo=system-int | action=commit
2025-08-04 11:30:00 | WARN | repo=system-int | action=edit | files=4
2025-07-01 19:00:00 | WARN | repo=system-int | action=test | passed=true
2025-10-14 07:37:00 | DEBUG | repo=system-int | action=test | passed=true
2025-10-06 16:52:00 | DEBUG | repo=system-int | action=commit
2025-07-21 16:19:00 | DEBUG | repo=system-int | action=commit
2025-03-18 08:28:00 | DEBUG | repo=system-int | action=commit
